This is pdfTeX, Version 3.14159265-2.6-1.40.16 (TeX Live 2015/Debian) (preloaded format=pdflatex 2017.8.25)  23 JUL 2018 21:06
entering extended mode
 restricted \write18 enabled.
 %&-line parsing enabled.
**all_pictures.tex
(./all_pictures.tex
LaTeX2e <2016/02/01>
Babel <3.9q> and hyphenation patterns for 81 language(s) loaded.
(/usr/share/texlive/texmf-dist/tex/latex/base/article.cls
Document Class: article 2014/09/29 v1.4h Standard LaTeX document class
(/usr/share/texlive/texmf-dist/tex/latex/base/size12.clo
File: size12.clo 2014/09/29 v1.4h Standard LaTeX file (size option)
)
\c@part=\count79
\c@section=\count80
\c@subsection=\count81
\c@subsubsection=\count82
\c@paragraph=\count83
\c@subparagraph=\count84
\c@figure=\count85
\c@table=\count86
\abovecaptionskip=\skip41
\belowcaptionskip=\skip42
\bibindent=\dimen102
)
(/usr/share/texlive/texmf-dist/tex/latex/base/inputenc.sty
Package: inputenc 2015/03/17 v1.2c Input encoding file
\inpenc@prehook=\toks14
\inpenc@posthook=\toks15

(/usr/share/texlive/texmf-dist/tex/latex/cyrillic/cp1251.def
File: cp1251.def 2014/10/28 v1.0d Input encoding file
))
(/usr/share/texlive/texmf-dist/tex/latex/base/fontenc.sty
Package: fontenc 2005/09/27 v1.99g Standard LaTeX package

(/usr/share/texlive/texmf-dist/tex/latex/cyrillic/t2aenc.def
File: t2aenc.def 2005/09/27 v1.0i Cyrillic encoding definition file
)
LaTeX Font Info:    Try loading font information for T2A+cmr on input line 105.


(/usr/share/texlive/texmf-dist/tex/latex/cyrillic/t2acmr.fd
File: t2acmr.fd 2001/08/11 v1.0a Computer Modern Cyrillic font definitions
))
(/usr/share/texlive/texmf-dist/tex/generic/babel/babel.sty
Package: babel 2016/02/24 3.9q The Babel package

(/usr/share/texlive/texmf-dist/tex/generic/babel-russian/russianb.ldf
Language: russianb 2016/02/18 1.3h Russian support for the Babel system

(/usr/share/texlive/texmf-dist/tex/generic/babel/babel.def
File: babel.def 2016/02/24 3.9q Babel common definitions
\babel@savecnt=\count87
\U@D=\dimen103
)
Package babel Info: Making " an active character on input line 111.
))
(/usr/share/texlive/texmf-dist/tex/latex/hyperref/hyperref.sty
Package: hyperref 2012/11/06 v6.83m Hypertext links for LaTeX

(/usr/share/texlive/texmf-dist/tex/generic/oberdiek/hobsub-hyperref.sty
Package: hobsub-hyperref 2012/05/28 v1.13 Bundle oberdiek, subset hyperref (HO)


(/usr/share/texlive/texmf-dist/tex/generic/oberdiek/hobsub-generic.sty
Package: hobsub-generic 2012/05/28 v1.13 Bundle oberdiek, subset generic (HO)
Package: hobsub 2012/05/28 v1.13 Construct package bundles (HO)
Package: infwarerr 2010/04/08 v1.3 Providing info/warning/error messages (HO)
Package: ltxcmds 2011/11/09 v1.22 LaTeX kernel commands for general use (HO)
Package: ifluatex 2010/03/01 v1.3 Provides the ifluatex switch (HO)
Package ifluatex Info: LuaTeX not detected.
Package: ifvtex 2010/03/01 v1.5 Detect VTeX and its facilities (HO)
Package ifvtex Info: VTeX not detected.
Package: intcalc 2007/09/27 v1.1 Expandable calculations with integers (HO)
Package: ifpdf 2011/01/30 v2.3 Provides the ifpdf switch (HO)
Package ifpdf Info: pdfTeX in PDF mode is detected.
Package: etexcmds 2011/02/16 v1.5 Avoid name clashes with e-TeX commands (HO)
Package etexcmds Info: Could not find \expanded.
(etexcmds)             That can mean that you are not using pdfTeX 1.50 or
(etexcmds)             that some package has redefined \expanded.
(etexcmds)             In the latter case, load this package earlier.
Package: kvsetkeys 2012/04/25 v1.16 Key value parser (HO)
Package: kvdefinekeys 2011/04/07 v1.3 Define keys (HO)
Package: pdftexcmds 2011/11/29 v0.20 Utility functions of pdfTeX for LuaTeX (HO
)
Package pdftexcmds Info: LuaTeX not detected.
Package pdftexcmds Info: \pdf@primitive is available.
Package pdftexcmds Info: \pdf@ifprimitive is available.
Package pdftexcmds Info: \pdfdraftmode found.
Package: pdfescape 2011/11/25 v1.13 Implements pdfTeX's escape features (HO)
Package: bigintcalc 2012/04/08 v1.3 Expandable calculations on big integers (HO
)
Package: bitset 2011/01/30 v1.1 Handle bit-vector datatype (HO)
Package: uniquecounter 2011/01/30 v1.2 Provide unlimited unique counter (HO)
)
Package hobsub Info: Skipping package `hobsub' (already loaded).
Package: letltxmacro 2010/09/02 v1.4 Let assignment for LaTeX macros (HO)
Package: hopatch 2012/05/28 v1.2 Wrapper for package hooks (HO)
Package: xcolor-patch 2011/01/30 xcolor patch
Package: atveryend 2011/06/30 v1.8 Hooks at the very end of document (HO)
Package atveryend Info: \enddocument detected (standard20110627).
Package: atbegshi 2011/10/05 v1.16 At begin shipout hook (HO)
Package: refcount 2011/10/16 v3.4 Data extraction from label references (HO)
Package: hycolor 2011/01/30 v1.7 Color options for hyperref/bookmark (HO)
)
(/usr/share/texlive/texmf-dist/tex/latex/graphics/keyval.sty
Package: keyval 2014/10/28 v1.15 key=value parser (DPC)
\KV@toks@=\toks16
)
(/usr/share/texlive/texmf-dist/tex/generic/ifxetex/ifxetex.sty
Package: ifxetex 2010/09/12 v0.6 Provides ifxetex conditional
)
(/usr/share/texlive/texmf-dist/tex/latex/oberdiek/auxhook.sty
Package: auxhook 2011/03/04 v1.3 Hooks for auxiliary files (HO)
)
(/usr/share/texlive/texmf-dist/tex/latex/oberdiek/kvoptions.sty
Package: kvoptions 2011/06/30 v3.11 Key value format for package options (HO)
)
\@linkdim=\dimen104
\Hy@linkcounter=\count88
\Hy@pagecounter=\count89

(/usr/share/texlive/texmf-dist/tex/latex/hyperref/pd1enc.def
File: pd1enc.def 2012/11/06 v6.83m Hyperref: PDFDocEncoding definition (HO)
)
\Hy@SavedSpaceFactor=\count90
Package hyperref Info: Option `unicode' set `true' on input line 3411.

(/usr/share/texlive/texmf-dist/tex/latex/hyperref/puenc.def
File: puenc.def 2012/11/06 v6.83m Hyperref: PDF Unicode definition (HO)
)
(/usr/share/texlive/texmf-dist/tex/latex/latexconfig/hyperref.cfg
File: hyperref.cfg 2002/06/06 v1.2 hyperref configuration of TeXLive
)
Package hyperref Info: Hyper figures OFF on input line 4443.
Package hyperref Info: Link nesting OFF on input line 4448.
Package hyperref Info: Hyper index ON on input line 4451.
Package hyperref Info: Plain pages OFF on input line 4458.
Package hyperref Info: Backreferencing OFF on input line 4463.
Package hyperref Info: Implicit mode ON; LaTeX internals redefined.
Package hyperref Info: Bookmarks ON on input line 4688.
\c@Hy@tempcnt=\count91

(/usr/share/texlive/texmf-dist/tex/latex/url/url.sty
\Urlmuskip=\muskip10
Package: url 2013/09/16  ver 3.4  Verb mode for urls, etc.
)
LaTeX Info: Redefining \url on input line 5041.
\XeTeXLinkMargin=\dimen105
\Fld@menulength=\count92
\Field@Width=\dimen106
\Fld@charsize=\dimen107
Package hyperref Info: Hyper figures OFF on input line 6295.
Package hyperref Info: Link nesting OFF on input line 6300.
Package hyperref Info: Hyper index ON on input line 6303.
Package hyperref Info: backreferencing OFF on input line 6310.
Package hyperref Info: Link coloring OFF on input line 6315.
Package hyperref Info: Link coloring with OCG OFF on input line 6320.
Package hyperref Info: PDF/A mode OFF on input line 6325.
LaTeX Info: Redefining \ref on input line 6365.
LaTeX Info: Redefining \pageref on input line 6369.
\Hy@abspage=\count93
\c@Item=\count94
\c@Hfootnote=\count95
)

Package hyperref Message: Driver (autodetected): hpdftex.

(/usr/share/texlive/texmf-dist/tex/latex/hyperref/hpdftex.def
File: hpdftex.def 2012/11/06 v6.83m Hyperref driver for pdfTeX
\Fld@listcount=\count96
\c@bookmark@seq@number=\count97

(/usr/share/texlive/texmf-dist/tex/latex/oberdiek/rerunfilecheck.sty
Package: rerunfilecheck 2011/04/15 v1.7 Rerun checks for auxiliary files (HO)
Package uniquecounter Info: New unique counter `rerunfilecheck' on input line 2
82.
)
\Hy@SectionHShift=\skip43
)
(./project.sty
Package: project 12/03/2014 V.2.0. Yearly Essay. Marchevsky Ilia, Titul list. P
uzikova V.V.
 (/usr/share/texlive/texmf-dist/tex/latex/amsfonts/amssymb.sty
Package: amssymb 2013/01/14 v3.01 AMS font symbols

(/usr/share/texlive/texmf-dist/tex/latex/amsfonts/amsfonts.sty
Package: amsfonts 2013/01/14 v3.01 Basic AMSFonts support
\@emptytoks=\toks17
\symAMSa=\mathgroup4
\symAMSb=\mathgroup5
LaTeX Font Info:    Overwriting math alphabet `\mathfrak' in version `bold'
(Font)                  U/euf/m/n --> U/euf/b/n on input line 106.
))
(/usr/share/texlive/texmf-dist/tex/latex/amsmath/amsmath.sty
Package: amsmath 2016/03/03 v2.15a AMS math features
\@mathmargin=\skip44

For additional information on amsmath, use the `?' option.
(/usr/share/texlive/texmf-dist/tex/latex/amsmath/amstext.sty
Package: amstext 2000/06/29 v2.01 AMS text

(/usr/share/texlive/texmf-dist/tex/latex/amsmath/amsgen.sty
File: amsgen.sty 1999/11/30 v2.0 generic functions
\@emptytoks=\toks18
\ex@=\dimen108
))
(/usr/share/texlive/texmf-dist/tex/latex/amsmath/amsbsy.sty
Package: amsbsy 1999/11/29 v1.2d Bold Symbols
\pmbraise@=\dimen109
)
(/usr/share/texlive/texmf-dist/tex/latex/amsmath/amsopn.sty
Package: amsopn 1999/12/14 v2.01 operator names
)
\inf@bad=\count98
LaTeX Info: Redefining \frac on input line 199.
\uproot@=\count99
\leftroot@=\count100
LaTeX Info: Redefining \overline on input line 297.
\classnum@=\count101
\DOTSCASE@=\count102
LaTeX Info: Redefining \ldots on input line 394.
LaTeX Info: Redefining \dots on input line 397.
LaTeX Info: Redefining \cdots on input line 518.
\Mathstrutbox@=\box26
\strutbox@=\box27
\big@size=\dimen110
LaTeX Font Info:    Redeclaring font encoding OML on input line 630.
LaTeX Font Info:    Redeclaring font encoding OMS on input line 631.
\macc@depth=\count103
\c@MaxMatrixCols=\count104
\dotsspace@=\muskip11
\c@parentequation=\count105
\dspbrk@lvl=\count106
\tag@help=\toks19
\row@=\count107
\column@=\count108
\maxfields@=\count109
\andhelp@=\toks20
\eqnshift@=\dimen111
\alignsep@=\dimen112
\tagshift@=\dimen113
\tagwidth@=\dimen114
\totwidth@=\dimen115
\lineht@=\dimen116
\@envbody=\toks21
\multlinegap=\skip45
\multlinetaggap=\skip46
\mathdisplay@stack=\toks22
LaTeX Info: Redefining \[ on input line 2735.
LaTeX Info: Redefining \] on input line 2736.
)
(/usr/share/texlive/texmf-dist/tex/latex/cite/cite.sty
LaTeX Info: Redefining \cite on input line 302.
LaTeX Info: Redefining \nocite on input line 332.
Package: cite 2015/02/27  v 5.5
)
(/usr/share/texlive/texmf-dist/tex/latex/caption/caption.sty
Package: caption 2016/02/21 v3.3-144 Customizing captions (AR)

(/usr/share/texlive/texmf-dist/tex/latex/caption/caption3.sty
Package: caption3 2016/02/04 v1.7-139 caption3 kernel (AR)
Package caption3 Info: TeX engine: e-TeX on input line 67.
\captionmargin=\dimen117
\captionmargin@=\dimen118
\captionwidth=\dimen119
\caption@tempdima=\dimen120
\caption@indent=\dimen121
\caption@parindent=\dimen122
\caption@hangindent=\dimen123
)
\c@ContinuedFloat=\count110
Package caption Info: hyperref package is loaded.
)
(/usr/share/texlive/texmf-dist/tex/latex/cmap/cmap.sty
Package: cmap 2008/03/06 v1.0h CMap support: searchable PDF


Package cmap Warning: fontenc already loaded - some fonts may be unprocessed.

) (/usr/share/texlive/texmf-dist/tex/latex/graphics/graphicx.sty
Package: graphicx 2014/10/28 v1.0g Enhanced LaTeX Graphics (DPC,SPQR)

(/usr/share/texlive/texmf-dist/tex/latex/graphics/graphics.sty
Package: graphics 2016/01/03 v1.0q Standard LaTeX Graphics (DPC,SPQR)

(/usr/share/texlive/texmf-dist/tex/latex/graphics/trig.sty
Package: trig 2016/01/03 v1.10 sin cos tan (DPC)
)
(/usr/share/texlive/texmf-dist/tex/latex/latexconfig/graphics.cfg
File: graphics.cfg 2010/04/23 v1.9 graphics configuration of TeX Live
)
Package graphics Info: Driver file: pdftex.def on input line 95.

(/usr/share/texlive/texmf-dist/tex/latex/pdftex-def/pdftex.def
File: pdftex.def 2011/05/27 v0.06d Graphics/color for pdfTeX
\Gread@gobject=\count111
))
\Gin@req@height=\dimen124
\Gin@req@width=\dimen125
)
(/usr/share/texlive/texmf-dist/tex/latex/tools/indentfirst.sty
Package: indentfirst 1995/11/23 v1.03 Indent first paragraph (DPC)
)
\symum@thgr=\mathgroup6
LaTeX Font Info:    Overwriting symbol font `um@thgr' in version `bold'
(Font)                  OT1/umathgr/m/n --> OT1/umathgr/b/n on input line 80.
LaTeX Font Info:    Redeclaring math symbol \alpha on input line 83.
LaTeX Font Info:    Redeclaring math symbol \beta on input line 84.
LaTeX Font Info:    Redeclaring math symbol \gamma on input line 85.
LaTeX Font Info:    Redeclaring math symbol \delta on input line 86.
LaTeX Font Info:    Redeclaring math symbol \varepsilon on input line 87.
LaTeX Font Info:    Redeclaring math symbol \zeta on input line 88.
LaTeX Font Info:    Redeclaring math symbol \eta on input line 89.
LaTeX Font Info:    Redeclaring math symbol \theta on input line 90.
LaTeX Font Info:    Redeclaring math symbol \iota on input line 91.
LaTeX Font Info:    Redeclaring math symbol \kappa on input line 92.
LaTeX Font Info:    Redeclaring math symbol \lambda on input line 93.
LaTeX Font Info:    Redeclaring math symbol \mu on input line 94.
LaTeX Font Info:    Redeclaring math symbol \nu on input line 95.
LaTeX Font Info:    Redeclaring math symbol \xi on input line 96.
LaTeX Font Info:    Redeclaring math symbol \pi on input line 97.
LaTeX Font Info:    Redeclaring math symbol \rho on input line 98.
LaTeX Font Info:    Redeclaring math symbol \sigma on input line 99.
LaTeX Font Info:    Redeclaring math symbol \tau on input line 100.
LaTeX Font Info:    Redeclaring math symbol \upsilon on input line 101.
LaTeX Font Info:    Redeclaring math symbol \phi on input line 102.
LaTeX Font Info:    Redeclaring math symbol \chi on input line 103.
LaTeX Font Info:    Redeclaring math symbol \psi on input line 104.
LaTeX Font Info:    Redeclaring math symbol \omega on input line 105.
LaTeX Font Info:    Redeclaring math symbol \vartheta on input line 106.
LaTeX Font Info:    Redeclaring math symbol \varrho on input line 107.
LaTeX Font Info:    Redeclaring math symbol \varphi on input line 108.
LaTeX Font Info:    Redeclaring math symbol \varkappa on input line 109.
LaTeX Font Info:    Redeclaring math symbol \Delta on input line 111.
LaTeX Font Info:    Redeclaring math symbol \Phi on input line 112.
LaTeX Font Info:    Redeclaring math symbol \Gamma on input line 113.
LaTeX Font Info:    Redeclaring math symbol \Theta on input line 114.
LaTeX Font Info:    Redeclaring math symbol \Lambda on input line 115.
LaTeX Font Info:    Redeclaring math symbol \Pi on input line 116.
LaTeX Font Info:    Redeclaring math symbol \Xi on input line 117.
LaTeX Font Info:    Redeclaring math symbol \Sigma on input line 119.
LaTeX Font Info:    Redeclaring math symbol \Upsilon on input line 121.
LaTeX Font Info:    Redeclaring math symbol \Omega on input line 122.
Package hyperref Info: Option `unicode' set `true' on input line 536.
Package hyperref Info: Option `colorlinks' set `true' on input line 536.


Package hyperref Warning: Option `bookmarks' has already been used,
(hyperref)                setting the option has no effect on input line 536.

\@oldcatcode=\count112
) (./all_pictures.aux

LaTeX Warning: Label `' multiply defined.

)
\openout1 = `all_pictures.aux'.

LaTeX Font Info:    Checking defaults for OML/cmm/m/it on input line 9.
LaTeX Font Info:    ... okay on input line 9.
LaTeX Font Info:    Checking defaults for T1/cmr/m/n on input line 9.
LaTeX Font Info:    ... okay on input line 9.
LaTeX Font Info:    Checking defaults for OT1/cmr/m/n on input line 9.
LaTeX Font Info:    ... okay on input line 9.
LaTeX Font Info:    Checking defaults for OMS/cmsy/m/n on input line 9.
LaTeX Font Info:    ... okay on input line 9.
LaTeX Font Info:    Checking defaults for OMX/cmex/m/n on input line 9.
LaTeX Font Info:    ... okay on input line 9.
LaTeX Font Info:    Checking defaults for U/cmr/m/n on input line 9.
LaTeX Font Info:    ... okay on input line 9.
LaTeX Font Info:    Checking defaults for T2A/cmr/m/n on input line 9.
LaTeX Font Info:    ... okay on input line 9.
LaTeX Font Info:    Checking defaults for PD1/pdf/m/n on input line 9.
LaTeX Font Info:    ... okay on input line 9.
LaTeX Font Info:    Checking defaults for PU/pdf/m/n on input line 9.
LaTeX Font Info:    ... okay on input line 9.
\AtBeginShipoutBox=\box28
 (/usr/share/texlive/texmf-dist/tex/latex/graphics/color.sty
Package: color 2016/01/03 v1.1b Standard LaTeX Color (DPC)

(/usr/share/texlive/texmf-dist/tex/latex/latexconfig/color.cfg
File: color.cfg 2007/01/18 v1.5 color configuration of teTeX/TeXLive
)
Package color Info: Driver file: pdftex.def on input line 143.
)
Package hyperref Info: Link coloring ON on input line 9.

(/usr/share/texlive/texmf-dist/tex/latex/hyperref/nameref.sty
Package: nameref 2012/10/27 v2.43 Cross-referencing by name of section

(/usr/share/texlive/texmf-dist/tex/generic/oberdiek/gettitlestring.sty
Package: gettitlestring 2010/12/03 v1.4 Cleanup title references (HO)
)
\c@section@level=\count113
)
LaTeX Info: Redefining \ref on input line 9.
LaTeX Info: Redefining \pageref on input line 9.
LaTeX Info: Redefining \nameref on input line 9.

(./all_pictures.out) (./all_pictures.out)
\@outlinefile=\write3
\openout3 = `all_pictures.out'.

Package caption Info: Begin \AtBeginDocument code.
Package caption Info: End \AtBeginDocument code.

(/usr/share/texlive/texmf-dist/tex/context/base/supp-pdf.mkii
[Loading MPS to PDF converter (version 2006.09.02).]
\scratchcounter=\count114
\scratchdimen=\dimen126
\scratchbox=\box29
\nofMPsegments=\count115
\nofMParguments=\count116
\everyMPshowfont=\toks23
\MPscratchCnt=\count117
\MPscratchDim=\dimen127
\MPnumerator=\count118
\makeMPintoPDFobject=\count119
\everyMPtoPDFconversion=\toks24
) (/usr/share/texlive/texmf-dist/tex/latex/oberdiek/epstopdf-base.sty
Package: epstopdf-base 2010/02/09 v2.5 Base part for package epstopdf

(/usr/share/texlive/texmf-dist/tex/latex/oberdiek/grfext.sty
Package: grfext 2010/08/19 v1.1 Manage graphics extensions (HO)
)
Package grfext Info: Graphics extension search list:
(grfext)             [.png,.pdf,.jpg,.mps,.jpeg,.jbig2,.jb2,.PNG,.PDF,.JPG,.JPE
G,.JBIG2,.JB2,.eps]
(grfext)             \AppendGraphicsExtensions on input line 452.

(/usr/share/texlive/texmf-dist/tex/latex/latexconfig/epstopdf-sys.cfg
File: epstopdf-sys.cfg 2010/07/13 v1.3 Configuration of (r)epstopdf for TeX Liv
e
))
<shift.pdf, id=4, 614.295pt x 794.97pt>
File: shift.pdf Graphic file (type pdf)
 <use shift.pdf>
Package pdftex.def Info: shift.pdf used on input line 14.
(pdftex.def)             Requested size: 426.79787pt x 426.80284pt.


Package caption Warning: The option `hypcap=true' will be ignored for this
(caption)                particular \caption on input line 14.
See the caption package documentation for explanation.

<variance.pdf, id=5, 614.295pt x 794.97pt>
File: variance.pdf Graphic file (type pdf)
 <use variance.pdf>
Package pdftex.def Info: variance.pdf used on input line 19.
(pdftex.def)             Requested size: 426.79787pt x 426.80284pt.


Package caption Warning: The option `hypcap=true' will be ignored for this
(caption)                particular \caption on input line 19.
See the caption package documentation for explanation.

<<t2a.cmap>>
Package babel Info: Redefining russian shorthand "|
(babel)             in language append on input line 19.
Package babel Info: Redefining russian shorthand "~
(babel)             in language append on input line 19.
Package babel Info: Redefining russian shorthand "|
(babel)             in language append on input line 19.
Package babel Info: Redefining russian shorthand "~
(babel)             in language append on input line 19.
 [1{/var/lib/texmf/fonts/map/pdftex/updmap/pdftex.map}

 <./shift.pdf>]<<ot1.cmap>><<oml.cmap>><<oms.cmap>><<omx.cmap>>
LaTeX Font Info:    Try loading font information for U+msa on input line 23.

(/usr/share/texlive/texmf-dist/tex/latex/amsfonts/umsa.fd
File: umsa.fd 2013/01/14 v3.01 AMS symbols A
)
LaTeX Font Info:    Try loading font information for U+msb on input line 23.

(/usr/share/texlive/texmf-dist/tex/latex/amsfonts/umsb.fd
File: umsb.fd 2013/01/14 v3.01 AMS symbols B
)
Package babel Info: Redefining russian shorthand "|
(babel)             in language append on input line 51.
Package babel Info: Redefining russian shorthand "~
(babel)             in language append on input line 51.
Package babel Info: Redefining russian shorthand "|
(babel)             in language append on input line 51.
Package babel Info: Redefining russian shorthand "~
(babel)             in language append on input line 51.
 [2 <./variance.pdf>]
Package babel Info: Redefining russian shorthand "|
(babel)             in language append on input line 106.
Package babel Info: Redefining russian shorthand "~
(babel)             in language append on input line 106.
Package babel Info: Redefining russian shorthand "|
(babel)             in language append on input line 106.
Package babel Info: Redefining russian shorthand "~
(babel)             in language append on input line 106.
[3]
Package babel Info: Redefining russian shorthand "|
(babel)             in language append on input line 109.
Package babel Info: Redefining russian shorthand "~
(babel)             in language append on input line 109.
Package babel Info: Redefining russian shorthand "|
(babel)             in language append on input line 109.
Package babel Info: Redefining russian shorthand "~
(babel)             in language append on input line 109.
 [4] <shift0.pdf, id=46, 433.62pt x 289.08pt>
File: shift0.pdf Graphic file (type pdf)
 <use shift0.pdf>
Package pdftex.def Info: shift0.pdf used on input line 112.
(pdftex.def)             Requested size: 173.44492pt x 115.62994pt.

<var0.pdf, id=47, 433.62pt x 289.08pt>
File: var0.pdf Graphic file (type pdf)
 <use var0.pdf>
Package pdftex.def Info: var0.pdf used on input line 114.
(pdftex.def)             Requested size: 173.44492pt x 115.62994pt.

<shift1.pdf, id=48, 433.62pt x 289.08pt>
File: shift1.pdf Graphic file (type pdf)
 <use shift1.pdf>
Package pdftex.def Info: shift1.pdf used on input line 121.
(pdftex.def)             Requested size: 173.44492pt x 115.62994pt.

<var1.pdf, id=49, 433.62pt x 289.08pt>
File: var1.pdf Graphic file (type pdf)
 <use var1.pdf>
Package pdftex.def Info: var1.pdf used on input line 123.
(pdftex.def)             Requested size: 173.44492pt x 115.62994pt.

<shift2.pdf, id=50, 433.62pt x 289.08pt>
File: shift2.pdf Graphic file (type pdf)
 <use shift2.pdf>
Package pdftex.def Info: shift2.pdf used on input line 129.
(pdftex.def)             Requested size: 173.44492pt x 115.62994pt.

<var2.pdf, id=51, 433.62pt x 289.08pt>
File: var2.pdf Graphic file (type pdf)
 <use var2.pdf>
Package pdftex.def Info: var2.pdf used on input line 131.
(pdftex.def)             Requested size: 173.44492pt x 115.62994pt.

<shift3.pdf, id=52, 433.62pt x 289.08pt>
File: shift3.pdf Graphic file (type pdf)
 <use shift3.pdf>
Package pdftex.def Info: shift3.pdf used on input line 138.
(pdftex.def)             Requested size: 173.44492pt x 115.62994pt.

<var3.pdf, id=53, 433.62pt x 289.08pt>
File: var3.pdf Graphic file (type pdf)
 <use var3.pdf>
Package pdftex.def Info: var3.pdf used on input line 140.
(pdftex.def)             Requested size: 173.44492pt x 115.62994pt.

<shift4.pdf, id=54, 433.62pt x 289.08pt>
File: shift4.pdf Graphic file (type pdf)
 <use shift4.pdf>
Package pdftex.def Info: shift4.pdf used on input line 147.
(pdftex.def)             Requested size: 173.44492pt x 115.62994pt.

<var4.pdf, id=55, 433.62pt x 289.08pt>
File: var4.pdf Graphic file (type pdf)
 <use var4.pdf>
Package pdftex.def Info: var4.pdf used on input line 149.
(pdftex.def)             Requested size: 173.44492pt x 115.62994pt.

<shift5.pdf, id=56, 433.62pt x 289.08pt>
File: shift5.pdf Graphic file (type pdf)
 <use shift5.pdf>
Package pdftex.def Info: shift5.pdf used on input line 156.
(pdftex.def)             Requested size: 173.44492pt x 115.62994pt.

<var5.pdf, id=57, 433.62pt x 289.08pt>
File: var5.pdf Graphic file (type pdf)
 <use var5.pdf>
Package pdftex.def Info: var5.pdf used on input line 158.
(pdftex.def)             Requested size: 173.44492pt x 115.62994pt.

<shift6.pdf, id=58, 433.62pt x 289.08pt>
File: shift6.pdf Graphic file (type pdf)
 <use shift6.pdf>
Package pdftex.def Info: shift6.pdf used on input line 166.
(pdftex.def)             Requested size: 173.44492pt x 115.62994pt.

<var6.pdf, id=59, 433.62pt x 289.08pt>
File: var6.pdf Graphic file (type pdf)
 <use var6.pdf>
Package pdftex.def Info: var6.pdf used on input line 168.
(pdftex.def)             Requested size: 173.44492pt x 115.62994pt.

<shift7.pdf, id=60, 433.62pt x 289.08pt>
File: shift7.pdf Graphic file (type pdf)
 <use shift7.pdf>
Package pdftex.def Info: shift7.pdf used on input line 176.
(pdftex.def)             Requested size: 173.44492pt x 115.62994pt.

<var7.pdf, id=61, 433.62pt x 289.08pt>
File: var7.pdf Graphic file (type pdf)
 <use var7.pdf>
Package pdftex.def Info: var7.pdf used on input line 178.
(pdftex.def)             Requested size: 173.44492pt x 115.62994pt.

<shift8.pdf, id=62, 433.62pt x 289.08pt>
File: shift8.pdf Graphic file (type pdf)
 <use shift8.pdf>
Package pdftex.def Info: shift8.pdf used on input line 186.
(pdftex.def)             Requested size: 173.44492pt x 115.62994pt.

<var8.pdf, id=63, 433.62pt x 289.08pt>
File: var8.pdf Graphic file (type pdf)
 <use var8.pdf>
Package pdftex.def Info: var8.pdf used on input line 188.
(pdftex.def)             Requested size: 173.44492pt x 115.62994pt.

<shift9.pdf, id=64, 433.62pt x 289.08pt>
File: shift9.pdf Graphic file (type pdf)
 <use shift9.pdf>
Package pdftex.def Info: shift9.pdf used on input line 196.
(pdftex.def)             Requested size: 173.44492pt x 115.62994pt.

<var9.pdf, id=65, 433.62pt x 289.08pt>
File: var9.pdf Graphic file (type pdf)
 <use var9.pdf>
Package pdftex.def Info: var9.pdf used on input line 198.
(pdftex.def)             Requested size: 173.44492pt x 115.62994pt.

<shift10.pdf, id=66, 433.62pt x 289.08pt>
File: shift10.pdf Graphic file (type pdf)
 <use shift10.pdf>
Package pdftex.def Info: shift10.pdf used on input line 206.
(pdftex.def)             Requested size: 173.44492pt x 115.62994pt.

<var10.pdf, id=67, 433.62pt x 289.08pt>
File: var10.pdf Graphic file (type pdf)
 <use var10.pdf>
Package pdftex.def Info: var10.pdf used on input line 208.
(pdftex.def)             Requested size: 173.44492pt x 115.62994pt.

<shift11.pdf, id=68, 433.62pt x 289.08pt>
File: shift11.pdf Graphic file (type pdf)
 <use shift11.pdf>
Package pdftex.def Info: shift11.pdf used on input line 215.
(pdftex.def)             Requested size: 173.44492pt x 115.62994pt.

<var11.pdf, id=69, 433.62pt x 289.08pt>
File: var11.pdf Graphic file (type pdf)
 <use var11.pdf>
Package pdftex.def Info: var11.pdf used on input line 217.
(pdftex.def)             Requested size: 173.44492pt x 115.62994pt.

<shift12.pdf, id=70, 433.62pt x 289.08pt>
File: shift12.pdf Graphic file (type pdf)
 <use shift12.pdf>
Package pdftex.def Info: shift12.pdf used on input line 224.
(pdftex.def)             Requested size: 173.44492pt x 115.62994pt.

<var12.pdf, id=71, 433.62pt x 289.08pt>
File: var12.pdf Graphic file (type pdf)
 <use var12.pdf>
Package pdftex.def Info: var12.pdf used on input line 226.
(pdftex.def)             Requested size: 173.44492pt x 115.62994pt.

<shift13.pdf, id=72, 433.62pt x 289.08pt>
File: shift13.pdf Graphic file (type pdf)
 <use shift13.pdf>
Package pdftex.def Info: shift13.pdf used on input line 233.
(pdftex.def)             Requested size: 173.44492pt x 115.62994pt.

<var13.pdf, id=73, 433.62pt x 289.08pt>
File: var13.pdf Graphic file (type pdf)
 <use var13.pdf>
Package pdftex.def Info: var13.pdf used on input line 235.
(pdftex.def)             Requested size: 173.44492pt x 115.62994pt.
Package atveryend Info: Empty hook `BeforeClearDocument' on input line 243.
Package babel Info: Redefining russian shorthand "|
(babel)             in language append on input line 243.
Package babel Info: Redefining russian shorthand "~
(babel)             in language append on input line 243.
Package babel Info: Redefining russian shorthand "|
(babel)             in language append on input line 243.
Package babel Info: Redefining russian shorthand "~
(babel)             in language append on input line 243.
 [5 <./shift0.pdf> <./var0.pdf

pdfTeX warning: pdflatex (file ./var0.pdf): PDF inclusion: multiple pdfs with p
age group included in a single page
> <./shift1.pdf

pdfTeX warning: pdflatex (file ./shift1.pdf): PDF inclusion: multiple pdfs with
 page group included in a single page
> <./var1.pdf

pdfTeX warning: pdflatex (file ./var1.pdf): PDF inclusion: multiple pdfs with p
age group included in a single page
> <./shift2.pdf

pdfTeX warning: pdflatex (file ./shift2.pdf): PDF inclusion: multiple pdfs with
 page group included in a single page
> <./var2.pdf

pdfTeX warning: pdflatex (file ./var2.pdf): PDF inclusion: multiple pdfs with p
age group included in a single page
> <./shift3.pdf

pdfTeX warning: pdflatex (file ./shift3.pdf): PDF inclusion: multiple pdfs with
 page group included in a single page
> <./var3.pdf

pdfTeX warning: pdflatex (file ./var3.pdf): PDF inclusion: multiple pdfs with p
age group included in a single page
>]
Package babel Info: Redefining russian shorthand "|
(babel)             in language append on input line 243.
Package babel Info: Redefining russian shorthand "~
(babel)             in language append on input line 243.
Package babel Info: Redefining russian shorthand "|
(babel)             in language append on input line 243.
Package babel Info: Redefining russian shorthand "~
(babel)             in language append on input line 243.
 [6 <./shift4.pdf> <./var4.pdf

pdfTeX warning: pdflatex (file ./var4.pdf): PDF inclusion: multiple pdfs with p
age group included in a single page
> <./shift5.pdf

pdfTeX warning: pdflatex (file ./shift5.pdf): PDF inclusion: multiple pdfs with
 page group included in a single page
> <./var5.pdf

pdfTeX warning: pdflatex (file ./var5.pdf): PDF inclusion: multiple pdfs with p
age group included in a single page
> <./shift6.pdf

pdfTeX warning: pdflatex (file ./shift6.pdf): PDF inclusion: multiple pdfs with
 page group included in a single page
> <./var6.pdf

pdfTeX warning: pdflatex (file ./var6.pdf): PDF inclusion: multiple pdfs with p
age group included in a single page
> <./shift7.pdf

pdfTeX warning: pdflatex (file ./shift7.pdf): PDF inclusion: multiple pdfs with
 page group included in a single page
> <./var7.pdf

pdfTeX warning: pdflatex (file ./var7.pdf): PDF inclusion: multiple pdfs with p
age group included in a single page
>]
Package babel Info: Redefining russian shorthand "|
(babel)             in language append on input line 243.
Package babel Info: Redefining russian shorthand "~
(babel)             in language append on input line 243.
Package babel Info: Redefining russian shorthand "|
(babel)             in language append on input line 243.
Package babel Info: Redefining russian shorthand "~
(babel)             in language append on input line 243.
 [7 <./shift8.pdf> <./var8.pdf

pdfTeX warning: pdflatex (file ./var8.pdf): PDF inclusion: multiple pdfs with p
age group included in a single page
> <./shift9.pdf

pdfTeX warning: pdflatex (file ./shift9.pdf): PDF inclusion: multiple pdfs with
 page group included in a single page
> <./var9.pdf

pdfTeX warning: pdflatex (file ./var9.pdf): PDF inclusion: multiple pdfs with p
age group included in a single page
> <./shift10.pdf

pdfTeX warning: pdflatex (file ./shift10.pdf): PDF inclusion: multiple pdfs wit
h page group included in a single page
> <./var10.pdf

pdfTeX warning: pdflatex (file ./var10.pdf): PDF inclusion: multiple pdfs with 
page group included in a single page
> <./shift11.pdf

pdfTeX warning: pdflatex (file ./shift11.pdf): PDF inclusion: multiple pdfs wit
h page group included in a single page
> <./var11.pdf

pdfTeX warning: pdflatex (file ./var11.pdf): PDF inclusion: multiple pdfs with 
page group included in a single page
>]
Package babel Info: Redefining russian shorthand "|
(babel)             in language append on input line 243.
Package babel Info: Redefining russian shorthand "~
(babel)             in language append on input line 243.
Package babel Info: Redefining russian shorthand "|
(babel)             in language append on input line 243.
Package babel Info: Redefining russian shorthand "~
(babel)             in language append on input line 243.
 [8 <./shift12.pdf> <./var12.pdf

pdfTeX warning: pdflatex (file ./var12.pdf): PDF inclusion: multiple pdfs with 
page group included in a single page
> <./shift13.pdf

pdfTeX warning: pdflatex (file ./shift13.pdf): PDF inclusion: multiple pdfs wit
h page group included in a single page
> <./var13.pdf

pdfTeX warning: pdflatex (file ./var13.pdf): PDF inclusion: multiple pdfs with 
page group included in a single page
>]
Package atveryend Info: Empty hook `AfterLastShipout' on input line 243.
 (./all_pictures.aux)
Package atveryend Info: Executing hook `AtVeryEndDocument' on input line 243.
Package atveryend Info: Executing hook `AtEndAfterFileList' on input line 243.
Package rerunfilecheck Info: File `all_pictures.out' has not changed.
(rerunfilecheck)             Checksum: D41D8CD98F00B204E9800998ECF8427E;0.


LaTeX Warning: There were multiply-defined labels.

Package atveryend Info: Empty hook `AtVeryVeryEnd' on input line 243.
 )
(\end occurred inside a group at level 2)

### simple group (level 2) entered at line 411 ({)
### simple group (level 1) entered at line 401 ({)
### bottom level 
Here is how much of TeX's memory you used:
 11521 strings out of 493029
 161826 string characters out of 6136234
 241327 words of memory out of 5000000
 14881 multiletter control sequences out of 15000+600000
 10613 words of font info for 37 fonts, out of 8000000 for 9000
 1141 hyphenation exceptions out of 8191
 43i,9n,40p,770b,1558s stack positions out of 5000i,500n,10000p,200000b,80000s
{/usr/share/texmf/fonts/enc/dvips/cm-super/cm-super-t2a.enc}</u
sr/share/texlive/texmf-dist/fonts/type1/public/amsfonts/cm/cmmi12.pfb></usr/sha
re/texlive/texmf-dist/fonts/type1/public/amsfonts/cm/cmr12.pfb></usr/share/texl
ive/texmf-dist/fonts/type1/public/amsfonts/cm/cmr6.pfb></usr/share/texlive/texm
f-dist/fonts/type1/public/amsfonts/cm/cmr8.pfb></usr/share/texlive/texmf-dist/f
onts/type1/public/amsfonts/cm/cmsy10.pfb></usr/share/texmf/fonts/type1/public/c
m-super/sfrm1200.pfb>
Output written on all_pictures.pdf (8 pages, 243401 bytes).
PDF statistics:
 678 PDF objects out of 1000 (max. 8388607)
 252 compressed objects within 3 object streams
 25 named destinations out of 1000 (max. 500000)
 171 words of extra memory for PDF output out of 10000 (max. 10000000)

